<?xml version="1.0" encoding="UTF-8"?>
<testsuite xmlns:xsi="http://www.w3.org/2001/XMLSchema-instance" xsi:noNamespaceSchemaLocation="https://maven.apache.org/surefire/maven-surefire-plugin/xsd/surefire-test-report.xsd" name="ru.edu.AppTest" time="0.122" tests="1" errors="0" skipped="0" failures="0">
  <properties>
    <property name="sun.desktop" value="windows"/>
    <property name="awt.toolkit" value="sun.awt.windows.WToolkit"/>
    <property name="file.encoding.pkg" value="sun.io"/>
    <property name="java.specification.version" value="1.8"/>
    <property name="sun.cpu.isalist" value="amd64"/>
    <property name="sun.jnu.encoding" value="Cp1251"/>
    <property name="java.class.path" value="C:\Users\sav19\.m2\repository\ru\edu\testBot\target\test-classes;C:\Users\sav19\.m2\repository\ru\edu\testBot\target\classes;C:\Users\sav19\.m2\repository\org\jsoup\jsoup\1.14.3\jsoup-1.14.3.jar;C:\Users\sav19\.m2\repository\org\telegram\telegrambots\5.7.1\telegrambots-5.7.1.jar;C:\Users\sav19\.m2\repository\org\telegram\telegrambots-meta\5.7.1\telegrambots-meta-5.7.1.jar;C:\Users\sav19\.m2\repository\com\google\guava\guava\30.0-jre\guava-30.0-jre.jar;C:\Users\sav19\.m2\repository\com\google\guava\failureaccess\1.0.1\failureaccess-1.0.1.jar;C:\Users\sav19\.m2\repository\com\google\guava\listenablefuture\9999.0-empty-to-avoid-conflict-with-guava\listenablefuture-9999.0-empty-to-avoid-conflict-with-guava.jar;C:\Users\sav19\.m2\repository\com\google\code\findbugs\jsr305\3.0.2\jsr305-3.0.2.jar;C:\Users\sav19\.m2\repository\org\checkerframework\checker-qual\3.5.0\checker-qual-3.5.0.jar;C:\Users\sav19\.m2\repository\com\google\errorprone\error_prone_annotations\2.3.4\error_prone_annotations-2.3.4.jar;C:\Users\sav19\.m2\repository\com\google\j2objc\j2objc-annotations\1.3\j2objc-annotations-1.3.jar;C:\Users\sav19\.m2\repository\com\fasterxml\jackson\core\jackson-annotations\2.13.0\jackson-annotations-2.13.0.jar;C:\Users\sav19\.m2\repository\com\fasterxml\jackson\jaxrs\jackson-jaxrs-json-provider\2.13.0\jackson-jaxrs-json-provider-2.13.0.jar;C:\Users\sav19\.m2\repository\com\fasterxml\jackson\jaxrs\jackson-jaxrs-base\2.13.0\jackson-jaxrs-base-2.13.0.jar;C:\Users\sav19\.m2\repository\com\fasterxml\jackson\module\jackson-module-jaxb-annotations\2.13.0\jackson-module-jaxb-annotations-2.13.0.jar;C:\Users\sav19\.m2\repository\com\fasterxml\jackson\core\jackson-core\2.13.0\jackson-core-2.13.0.jar;C:\Users\sav19\.m2\repository\jakarta\xml\bind\jakarta.xml.bind-api\2.3.3\jakarta.xml.bind-api-2.3.3.jar;C:\Users\sav19\.m2\repository\com\fasterxml\jackson\core\jackson-databind\2.13.0\jackson-databind-2.13.0.jar;C:\Users\sav19\.m2\repository\org\glassfish\jersey\inject\jersey-hk2\2.32\jersey-hk2-2.32.jar;C:\Users\sav19\.m2\repository\org\glassfish\jersey\core\jersey-common\2.32\jersey-common-2.32.jar;C:\Users\sav19\.m2\repository\org\glassfish\hk2\osgi-resource-locator\1.0.3\osgi-resource-locator-1.0.3.jar;C:\Users\sav19\.m2\repository\org\glassfish\hk2\hk2-locator\2.6.1\hk2-locator-2.6.1.jar;C:\Users\sav19\.m2\repository\org\glassfish\hk2\external\aopalliance-repackaged\2.6.1\aopalliance-repackaged-2.6.1.jar;C:\Users\sav19\.m2\repository\org\glassfish\hk2\hk2-api\2.6.1\hk2-api-2.6.1.jar;C:\Users\sav19\.m2\repository\org\glassfish\hk2\hk2-utils\2.6.1\hk2-utils-2.6.1.jar;C:\Users\sav19\.m2\repository\org\javassist\javassist\3.25.0-GA\javassist-3.25.0-GA.jar;C:\Users\sav19\.m2\repository\org\glassfish\jersey\media\jersey-media-json-jackson\2.32\jersey-media-json-jackson-2.32.jar;C:\Users\sav19\.m2\repository\org\glassfish\jersey\ext\jersey-entity-filtering\2.32\jersey-entity-filtering-2.32.jar;C:\Users\sav19\.m2\repository\org\glassfish\jersey\containers\jersey-container-grizzly2-http\2.32\jersey-container-grizzly2-http-2.32.jar;C:\Users\sav19\.m2\repository\org\glassfish\hk2\external\jakarta.inject\2.6.1\jakarta.inject-2.6.1.jar;C:\Users\sav19\.m2\repository\org\glassfish\grizzly\grizzly-http-server\2.4.4\grizzly-http-server-2.4.4.jar;C:\Users\sav19\.m2\repository\org\glassfish\grizzly\grizzly-http\2.4.4\grizzly-http-2.4.4.jar;C:\Users\sav19\.m2\repository\org\glassfish\grizzly\grizzly-framework\2.4.4\grizzly-framework-2.4.4.jar;C:\Users\sav19\.m2\repository\jakarta\ws\rs\jakarta.ws.rs-api\2.1.6\jakarta.ws.rs-api-2.1.6.jar;C:\Users\sav19\.m2\repository\org\glassfish\jersey\core\jersey-server\2.32\jersey-server-2.32.jar;C:\Users\sav19\.m2\repository\org\glassfish\jersey\core\jersey-client\2.32\jersey-client-2.32.jar;C:\Users\sav19\.m2\repository\org\glassfish\jersey\media\jersey-media-jaxb\2.32\jersey-media-jaxb-2.32.jar;C:\Users\sav19\.m2\repository\jakarta\annotation\jakarta.annotation-api\1.3.5\jakarta.annotation-api-1.3.5.jar;C:\Users\sav19\.m2\repository\jakarta\validation\jakarta.validation-api\2.0.2\jakarta.validation-api-2.0.2.jar;C:\Users\sav19\.m2\repository\org\json\json\20180813\json-20180813.jar;C:\Users\sav19\.m2\repository\org\apache\httpcomponents\httpclient\4.5.13\httpclient-4.5.13.jar;C:\Users\sav19\.m2\repository\org\apache\httpcomponents\httpcore\4.4.13\httpcore-4.4.13.jar;C:\Users\sav19\.m2\repository\commons-logging\commons-logging\1.2\commons-logging-1.2.jar;C:\Users\sav19\.m2\repository\commons-codec\commons-codec\1.11\commons-codec-1.11.jar;C:\Users\sav19\.m2\repository\org\apache\httpcomponents\httpmime\4.5.13\httpmime-4.5.13.jar;C:\Users\sav19\.m2\repository\commons-io\commons-io\2.11.0\commons-io-2.11.0.jar;C:\Users\sav19\.m2\repository\org\slf4j\slf4j-api\1.7.32\slf4j-api-1.7.32.jar;C:\Users\sav19\.m2\repository\junit\junit\4.11\junit-4.11.jar;C:\Users\sav19\.m2\repository\org\hamcrest\hamcrest-core\1.3\hamcrest-core-1.3.jar;"/>
    <property name="java.vm.vendor" value="Oracle Corporation"/>
    <property name="sun.arch.data.model" value="64"/>
    <property name="user.variant" value=""/>
    <property name="java.vendor.url" value="http://java.oracle.com/"/>
    <property name="user.timezone" value="Europe/Moscow"/>
    <property name="java.vm.specification.version" value="1.8"/>
    <property name="os.name" value="Windows 10"/>
    <property name="user.country" value="RU"/>
    <property name="sun.java.launcher" value="SUN_STANDARD"/>
    <property name="sun.boot.library.path" value="C:\Program Files\Java\jdk1.8.0_202\jre\bin"/>
    <property name="sun.java.command" value="C:\Users\sav19\AppData\Local\Temp\surefire521725946571234148\surefirebooter1517663216427150649.jar C:\Users\sav19\AppData\Local\Temp\surefire521725946571234148 2022-04-29T02-18-25_236-jvmRun1 surefire3389348310847134212tmp surefire_01527655250621230661tmp"/>
    <property name="surefire.test.class.path" value="C:\Users\sav19\.m2\repository\ru\edu\testBot\target\test-classes;C:\Users\sav19\.m2\repository\ru\edu\testBot\target\classes;C:\Users\sav19\.m2\repository\org\jsoup\jsoup\1.14.3\jsoup-1.14.3.jar;C:\Users\sav19\.m2\repository\org\telegram\telegrambots\5.7.1\telegrambots-5.7.1.jar;C:\Users\sav19\.m2\repository\org\telegram\telegrambots-meta\5.7.1\telegrambots-meta-5.7.1.jar;C:\Users\sav19\.m2\repository\com\google\guava\guava\30.0-jre\guava-30.0-jre.jar;C:\Users\sav19\.m2\repository\com\google\guava\failureaccess\1.0.1\failureaccess-1.0.1.jar;C:\Users\sav19\.m2\repository\com\google\guava\listenablefuture\9999.0-empty-to-avoid-conflict-with-guava\listenablefuture-9999.0-empty-to-avoid-conflict-with-guava.jar;C:\Users\sav19\.m2\repository\com\google\code\findbugs\jsr305\3.0.2\jsr305-3.0.2.jar;C:\Users\sav19\.m2\repository\org\checkerframework\checker-qual\3.5.0\checker-qual-3.5.0.jar;C:\Users\sav19\.m2\repository\com\google\errorprone\error_prone_annotations\2.3.4\error_prone_annotations-2.3.4.jar;C:\Users\sav19\.m2\repository\com\google\j2objc\j2objc-annotations\1.3\j2objc-annotations-1.3.jar;C:\Users\sav19\.m2\repository\com\fasterxml\jackson\core\jackson-annotations\2.13.0\jackson-annotations-2.13.0.jar;C:\Users\sav19\.m2\repository\com\fasterxml\jackson\jaxrs\jackson-jaxrs-json-provider\2.13.0\jackson-jaxrs-json-provider-2.13.0.jar;C:\Users\sav19\.m2\repository\com\fasterxml\jackson\jaxrs\jackson-jaxrs-base\2.13.0\jackson-jaxrs-base-2.13.0.jar;C:\Users\sav19\.m2\repository\com\fasterxml\jackson\module\jackson-module-jaxb-annotations\2.13.0\jackson-module-jaxb-annotations-2.13.0.jar;C:\Users\sav19\.m2\repository\com\fasterxml\jackson\core\jackson-core\2.13.0\jackson-core-2.13.0.jar;C:\Users\sav19\.m2\repository\jakarta\xml\bind\jakarta.xml.bind-api\2.3.3\jakarta.xml.bind-api-2.3.3.jar;C:\Users\sav19\.m2\repository\com\fasterxml\jackson\core\jackson-databind\2.13.0\jackson-databind-2.13.0.jar;C:\Users\sav19\.m2\repository\org\glassfish\jersey\inject\jersey-hk2\2.32\jersey-hk2-2.32.jar;C:\Users\sav19\.m2\repository\org\glassfish\jersey\core\jersey-common\2.32\jersey-common-2.32.jar;C:\Users\sav19\.m2\repository\org\glassfish\hk2\osgi-resource-locator\1.0.3\osgi-resource-locator-1.0.3.jar;C:\Users\sav19\.m2\repository\org\glassfish\hk2\hk2-locator\2.6.1\hk2-locator-2.6.1.jar;C:\Users\sav19\.m2\repository\org\glassfish\hk2\external\aopalliance-repackaged\2.6.1\aopalliance-repackaged-2.6.1.jar;C:\Users\sav19\.m2\repository\org\glassfish\hk2\hk2-api\2.6.1\hk2-api-2.6.1.jar;C:\Users\sav19\.m2\repository\org\glassfish\hk2\hk2-utils\2.6.1\hk2-utils-2.6.1.jar;C:\Users\sav19\.m2\repository\org\javassist\javassist\3.25.0-GA\javassist-3.25.0-GA.jar;C:\Users\sav19\.m2\repository\org\glassfish\jersey\media\jersey-media-json-jackson\2.32\jersey-media-json-jackson-2.32.jar;C:\Users\sav19\.m2\repository\org\glassfish\jersey\ext\jersey-entity-filtering\2.32\jersey-entity-filtering-2.32.jar;C:\Users\sav19\.m2\repository\org\glassfish\jersey\containers\jersey-container-grizzly2-http\2.32\jersey-container-grizzly2-http-2.32.jar;C:\Users\sav19\.m2\repository\org\glassfish\hk2\external\jakarta.inject\2.6.1\jakarta.inject-2.6.1.jar;C:\Users\sav19\.m2\repository\org\glassfish\grizzly\grizzly-http-server\2.4.4\grizzly-http-server-2.4.4.jar;C:\Users\sav19\.m2\repository\org\glassfish\grizzly\grizzly-http\2.4.4\grizzly-http-2.4.4.jar;C:\Users\sav19\.m2\repository\org\glassfish\grizzly\grizzly-framework\2.4.4\grizzly-framework-2.4.4.jar;C:\Users\sav19\.m2\repository\jakarta\ws\rs\jakarta.ws.rs-api\2.1.6\jakarta.ws.rs-api-2.1.6.jar;C:\Users\sav19\.m2\repository\org\glassfish\jersey\core\jersey-server\2.32\jersey-server-2.32.jar;C:\Users\sav19\.m2\repository\org\glassfish\jersey\core\jersey-client\2.32\jersey-client-2.32.jar;C:\Users\sav19\.m2\repository\org\glassfish\jersey\media\jersey-media-jaxb\2.32\jersey-media-jaxb-2.32.jar;C:\Users\sav19\.m2\repository\jakarta\annotation\jakarta.annotation-api\1.3.5\jakarta.annotation-api-1.3.5.jar;C:\Users\sav19\.m2\repository\jakarta\validation\jakarta.validation-api\2.0.2\jakarta.validation-api-2.0.2.jar;C:\Users\sav19\.m2\repository\org\json\json\20180813\json-20180813.jar;C:\Users\sav19\.m2\repository\org\apache\httpcomponents\httpclient\4.5.13\httpclient-4.5.13.jar;C:\Users\sav19\.m2\repository\org\apache\httpcomponents\httpcore\4.4.13\httpcore-4.4.13.jar;C:\Users\sav19\.m2\repository\commons-logging\commons-logging\1.2\commons-logging-1.2.jar;C:\Users\sav19\.m2\repository\commons-codec\commons-codec\1.11\commons-codec-1.11.jar;C:\Users\sav19\.m2\repository\org\apache\httpcomponents\httpmime\4.5.13\httpmime-4.5.13.jar;C:\Users\sav19\.m2\repository\commons-io\commons-io\2.11.0\commons-io-2.11.0.jar;C:\Users\sav19\.m2\repository\org\slf4j\slf4j-api\1.7.32\slf4j-api-1.7.32.jar;C:\Users\sav19\.m2\repository\junit\junit\4.11\junit-4.11.jar;C:\Users\sav19\.m2\repository\org\hamcrest\hamcrest-core\1.3\hamcrest-core-1.3.jar;"/>
    <property name="sun.cpu.endian" value="little"/>
    <property name="user.home" value="C:\Users\sav19"/>
    <property name="user.language" value="ru"/>
    <property name="java.specification.vendor" value="Oracle Corporation"/>
    <property name="java.home" value="C:\Program Files\Java\jdk1.8.0_202\jre"/>
    <property name="basedir" value="C:\Users\sav19\.m2\repository\ru\edu\testBot"/>
    <property name="file.separator" value="\"/>
    <property name="line.separator" value="&#10;"/>
    <property name="java.vm.specification.vendor" value="Oracle Corporation"/>
    <property name="java.specification.name" value="Java Platform API Specification"/>
    <property name="java.awt.graphicsenv" value="sun.awt.Win32GraphicsEnvironment"/>
    <property name="surefire.real.class.path" value="C:\Users\sav19\AppData\Local\Temp\surefire521725946571234148\surefirebooter1517663216427150649.jar"/>
    <property name="sun.boot.class.path" value="C:\Program Files\Java\jdk1.8.0_202\jre\lib\resources.jar;C:\Program Files\Java\jdk1.8.0_202\jre\lib\rt.jar;C:\Program Files\Java\jdk1.8.0_202\jre\lib\sunrsasign.jar;C:\Program Files\Java\jdk1.8.0_202\jre\lib\jsse.jar;C:\Program Files\Java\jdk1.8.0_202\jre\lib\jce.jar;C:\Program Files\Java\jdk1.8.0_202\jre\lib\charsets.jar;C:\Program Files\Java\jdk1.8.0_202\jre\lib\jfr.jar;C:\Program Files\Java\jdk1.8.0_202\jre\classes"/>
    <property name="user.script" value=""/>
    <property name="sun.management.compiler" value="HotSpot 64-Bit Tiered Compilers"/>
    <property name="java.runtime.version" value="1.8.0_202-b08"/>
    <property name="user.name" value="sav19"/>
    <property name="path.separator" value=";"/>
    <property name="os.version" value="10.0"/>
    <property name="java.endorsed.dirs" value="C:\Program Files\Java\jdk1.8.0_202\jre\lib\endorsed"/>
    <property name="java.runtime.name" value="Java(TM) SE Runtime Environment"/>
    <property name="file.encoding" value="Cp1251"/>
    <property name="java.vm.name" value="Java HotSpot(TM) 64-Bit Server VM"/>
    <property name="localRepository" value="C:\Users\sav19\.m2\repository"/>
    <property name="java.vendor.url.bug" value="http://bugreport.sun.com/bugreport/"/>
    <property name="java.io.tmpdir" value="C:\Users\sav19\AppData\Local\Temp\"/>
    <property name="idea.version" value="2021.3"/>
    <property name="java.version" value="1.8.0_202"/>
    <property name="user.dir" value="C:\Users\sav19\.m2\repository\ru\edu\testBot"/>
    <property name="os.arch" value="amd64"/>
    <property name="java.vm.specification.name" value="Java Virtual Machine Specification"/>
    <property name="java.awt.printerjob" value="sun.awt.windows.WPrinterJob"/>
    <property name="sun.os.patch.level" value=""/>
    <property name="java.library.path" value="C:\Program Files\Java\jdk1.8.0_202\jre\bin;C:\WINDOWS\Sun\Java\bin;C:\WINDOWS\system32;C:\WINDOWS;C:\Program Files\Common Files\Oracle\Java\javapath;C:\Program Files (x86)\Common Files\Oracle\Java\javapath;C:\Program Files (x86)\Intel\iCLS Client\;C:\Program Files\Intel\iCLS Client\;C:\Windows\system32;C:\Windows;C:\Windows\System32\Wbem;C:\Windows\System32\WindowsPowerShell\v1.0\;C:\Windows\System32\OpenSSH\;C:\Program Files (x86)\Intel\Intel(R) Management Engine Components\DAL;C:\Program Files\Intel\Intel(R) Management Engine Components\DAL;C:\Program Files (x86)\Intel\Intel(R) Management Engine Components\IPT;C:\Program Files\Intel\Intel(R) Management Engine Components\IPT;C:\Program Files (x86)\NVIDIA Corporation\PhysX\Common;C:\Program Files\NVIDIA Corporation\NVIDIA NvDLISR;C:\Program Files\Java\jdk1.8.0_202\bin;C:\WINDOWS\system32;C:\WINDOWS;C:\WINDOWS\System32\Wbem;C:\WINDOWS\System32\WindowsPowerShell\v1.0\;C:\WINDOWS\System32\OpenSSH\;C:\Users\sav19\PycharmProjects\lecture10\venv\Scripts;C:\chromedriver_win32;C:\Program Files (x86)\Yarn\bin\;C:\Program Files (x86)\HP\Common\HPDestPlgIn\;C:\Program Files (x86)\HP\IdrsOCR_15.2.10.1114\;C:\Program Files\Microsoft SQL Server\Client SDK\ODBC\170\Tools\Binn\;C:\Program Files (x86)\Microsoft SQL Server\150\Tools\Binn\;C:\Program Files\Microsoft SQL Server\150\Tools\Binn\;C:\Program Files\Microsoft SQL Server\150\DTS\Binn\;C:\Program Files (x86)\Microsoft SQL Server\150\DTS\Binn\;C:\Program Files\Azure Data Studio\bin;c:\Program Files\apache-maven-3.8.4\bin;C:\Program Files\nodejs\;C:\Program Files\Docker\Docker\resources\bin;C:\ProgramData\DockerDesktop\version-bin;C:\Sonarqube\sonar-scanner-4.7.0.2747-windows\bin;C:\Sonarqube\sonarqube-9.3.0.51899\bin\windows-x86-64;C:\Program Files\Git\cmd;C:\Program Files\MySQL\MySQL Shell 8.0\bin\;C:\Users\sav19\AppData\Local\Microsoft\WindowsApps;C:\Users\sav19\AppData\Local\Programs\Fiddler;C:\Users\sav19\AppData\Local\Programs\Microsoft VS Code\bin;C:\Program Files\JetBrains\WebStorm 2020.1.3\bin;;C:\Users\sav19\AppData\Local\Yarn\bin;C:\Program Files (x86)\HP\Common\HPDestPlgIn\;C:\Users\sav19\AppData\Local\JetBrains\IntelliJ IDEA Community Edition 2020.2.3\bin;;C:\Program Files\Java\jdk-11.0.14\BIN;C:\Program Files\Azure Data Studio\bin;C:\Users\sav19\AppData\Roaming\npm;C:\Program Files\JetBrains\IntelliJ IDEA 2021.3.2\bin;;C:\Sonarqube\sonarqube-9.3.0.51899\bin;;."/>
    <property name="java.vm.info" value="mixed mode"/>
    <property name="java.vendor" value="Oracle Corporation"/>
    <property name="java.vm.version" value="25.202-b08"/>
    <property name="java.ext.dirs" value="C:\Program Files\Java\jdk1.8.0_202\jre\lib\ext;C:\WINDOWS\Sun\Java\lib\ext"/>
    <property name="sun.io.unicode.encoding" value="UnicodeLittle"/>
    <property name="java.class.version" value="52.0"/>
  </properties>
  <testcase name="shouldAnswerWithTrue" classname="ru.edu.AppTest" time="0.023"/>
</testsuite>